[06/12/24 19:21:27] "Solid Lec 7: Transient and AC Conditions for the PN Junction" | /mnt/Disk_D/Engineering/Semester_materials/Solid/Old/Dr.Kareem/Solid Lec 07 Transient and AC Conditions for the PN Junction.mp4
[06/12/24 20:43:53] "Solid Lec 7 (supplementary): Proofs of Diffusion Capacitance and Storage Delay time" | /mnt/Disk_D/Engineering/Semester_materials/Solid/Old/Dr.Kareem/Solid Lec 07 (supplementary)： Proofs of Diffusion Capacitance and Storage Delay time.mp4
[06/12/24 23:57:58] "33 - JavaScript Algorithms - 33 - Tower of Hanoi.mp4" | /mnt/Disk_D/تعليمي/Javascript Algorithms and Data Structures/33 - JavaScript Algorithms - 33 - Tower of Hanoi.mp4
[07/12/24 01:21:45] "34 - JavaScript Algorithms - 34 - Tower of Hanoi Solution.mp4" | /mnt/Disk_D/تعليمي/Javascript Algorithms and Data Structures/34 - JavaScript Algorithms - 34 - Tower of Hanoi Solution.mp4
[08/12/24 15:49:07] "Permutations - LeetCode Question 46 - JavaScript.mp4" | /home/muhammad/Downloads/Permutations - LeetCode Question 46 - JavaScript.mp4
[08/12/24 16:15:18] "اغنية بداية المحقق كونان - اغاني كرتون قديمة [B8I9PzukMJQ]_(Vocals)_model_bs_roformer_ep_317_sdr_12.mp3" | /home/muhammad/Downloads/اغنية بداية المحقق كونان - اغاني كرتون قديمة [B8I9PzukMJQ]_(Vocals)_model_bs_roformer_ep_317_sdr_12.mp3
[08/12/24 16:15:42] "اغنية بداية المحقق كونان - اغاني كرتون قديمة [B8I9PzukMJQ]_(Vocals)_1_HP-UVR.mp3" | /home/muhammad/Downloads/اغنية بداية المحقق كونان - اغاني كرتون قديمة [B8I9PzukMJQ]_(Vocals)_1_HP-UVR.mp3
[08/12/24 23:31:20] "animated_wall.mp4" | /home/muhammad/Downloads/animated_wall.mp4
[09/12/24 00:12:49] "Combinations - LeetCode 77 - JavaScript" | https://www.youtube.com/watch?v=APn_6BwzCPw
[09/12/24 19:44:59] "05 - كيف أحببت رسول الله ﷺ ｜ الحلقة (٦)： ما علاقة زهد النبي ﷺ بتحرر الأمة الإسلامية وعزتها؟.m4a" | /home/muhammad/Downloads/05 - كيف أحببت رسول الله ﷺ ｜ الحلقة (٦)： ما علاقة زهد النبي ﷺ بتحرر الأمة الإسلامية وعزتها؟.m4a
[09/12/24 19:45:06] "05 - كيف أحببت رسول الله ﷺ ｜ الحلقة (٦)： ما علاقة زهد النبي ﷺ بتحرر الأمة الإسلامية وعزتها؟.mp4" | /home/muhammad/Downloads/05 - كيف أحببت رسول الله ﷺ ｜ الحلقة (٦)： ما علاقة زهد النبي ﷺ بتحرر الأمة الإسلامية وعزتها؟.mp4
[09/12/24 19:52:29] "05 - كيف أحببت رسول الله ﷺ ｜ الحلقة (٦)： ما علاقة زهد النبي ﷺ بتحرر الأمة الإسلامية وعزتها؟.mp4" | /home/muhammad/Downloads/converted/05 - كيف أحببت رسول الله ﷺ ｜ الحلقة (٦)： ما علاقة زهد النبي ﷺ بتحرر الأمة الإسلامية وعزتها؟.mp4
[10/12/24 13:24:02] "13.03 - حياة المسلم وحياة دينه.mp4" | /mnt/Disk_D/إسلاميات/الشيخ حازم أبو إسماعيل/إخراج الناس من الظلمات إلي النور/13.03 - حياة المسلم وحياة دينه.mp4
[10/12/24 16:20:50] "06 - كيف أحببت رسول الله ﷺ ｜ الحلقة (٥)： عفو النبي ﷺ - قوة لا ضعف.m4a" | /home/muhammad/Downloads/06 - كيف أحببت رسول الله ﷺ ｜ الحلقة (٥)： عفو النبي ﷺ - قوة لا ضعف.m4a
[10/12/24 16:20:50] "05 - كيف أحببت رسول الله ﷺ ｜ الحلقة (٥)： عفو النبي ﷺ - قوة لا ضعف.mp4" | /home/muhammad/Downloads/05 - كيف أحببت رسول الله ﷺ ｜ الحلقة (٥)： عفو النبي ﷺ - قوة لا ضعف.mp4
[10/12/24 21:30:52] "141 - Regular Expressions - Quantifiers Part 2.mp4" | /mnt/Disk_D/تعليمي/Front-End Developer Roadmap/07 - Learn JavaScript In Arabic 2021/141 - Regular Expressions - Quantifiers Part 2.mp4
[11/12/24 14:34:04] "2024-12-11 14-33-29.mp4" | /home/muhammad/2024-12-11 14-33-29.mp4
[12/12/24 05:58:45] "analog 1-2.mp4" | /mnt/Disk_D/Engineering/Semester_materials/Analog/Lab/Videos + templates/Experiment 1/analog 1-2.mp4
[12/12/24 06:03:29] "Analog_LAB2" | /mnt/Disk_D/Engineering/Semester_materials/Analog/Lab/Videos + templates/Experiment 2/USRP Part 1.mp4
[12/12/24 06:03:36] "USRP Part 2.mp4" | /mnt/Disk_D/Engineering/Semester_materials/Analog/Lab/Videos + templates/Experiment 2/USRP Part 2.mp4
[12/12/24 11:25:55] "10 - Dynamic Programming ｜ Set 10 (0-1 Knapsack Problem) ｜ GeeksforGeeks.mp4" | /mnt/Disk_D/تعليمي/Dynamic Programming - Algorithms & Data Structures - Programming/10 - Dynamic Programming ｜ Set 10 (0-1 Knapsack Problem) ｜ GeeksforGeeks.mp4
[12/12/24 11:30:21] "29 - Knapsack Problem - Approach to write the code (Dynamic Programming) ｜ GeeksforGeeks [ywiH-zRH1mA].mp4" | /mnt/Disk_D/تعليمي/Dynamic Programming - Algorithms & Data Structures - Programming/29 - Knapsack Problem - Approach to write the code (Dynamic Programming) ｜ GeeksforGeeks [ywiH-zRH1mA].mp4
[13/12/24 05:19:25] "#1 DARK MAGICIAN vs #1 BLUE-EYES - TeamSamuraiX1 vs @Sykkuno - Yu-Gi-Oh Master Duel Ranked Gameplay!.mp4" | /home/muhammad/Downloads/#1 DARK MAGICIAN vs #1 BLUE-EYES - TeamSamuraiX1 vs @Sykkuno - Yu-Gi-Oh Master Duel Ranked Gameplay!.mp4
[13/12/24 16:15:04] "#1 DINO vs #1 SWORDSOUL - TeamSamuraiX1 vs  @Sykkuno  - Yu-Gi-Oh Master Duel Ranked Gameplay!.mp4" | /home/muhammad/Downloads/#1 DINO vs #1 SWORDSOUL - TeamSamuraiX1 vs  @Sykkuno  - Yu-Gi-Oh Master Duel Ranked Gameplay!.mp4
[13/12/24 16:28:08] "01 - CSS Useful Features - Nesting Module.mp4" | /home/muhammad/Downloads/CSS Useful Features/01 - CSS Useful Features - Nesting Module.mp4
[13/12/24 16:58:28] "02 - ألف باء التربية 01 ｜ مقدمات لا بدّ منها (هذه نسخة بديلة عن النسخة الأصلية لخلل الصوت والصورة).mp4" | /home/muhammad/Downloads/converted/02 - ألف باء التربية 01 ｜ مقدمات لا بدّ منها (هذه نسخة بديلة عن النسخة الأصلية لخلل الصوت والصورة).mp4
[13/12/24 16:58:31] "03 - ألف باء التربية 02 حيرة المؤمنين المطمئنين في اختيار المردّ الأمين.mp4" | /home/muhammad/Downloads/converted/03 - ألف باء التربية 02 حيرة المؤمنين المطمئنين في اختيار المردّ الأمين.mp4
[14/12/24 05:09:02] "BATTLE CITY DRAFT MODE! Classic Yu-Gi-Oh! in Master Duel.mp4" | /home/muhammad/Downloads/BATTLE CITY DRAFT MODE! Classic Yu-Gi-Oh! in Master Duel.mp4
[14/12/24 06:34:43] "0⧸1 Knapsack problem ｜ Dynamic Programming.mp4" | /home/muhammad/Downloads/0⧸1 Knapsack problem ｜ Dynamic Programming.mp4
[14/12/24 07:23:39] "35 - JavaScript Algorithms - 35 - Further Learning.mp4" | /mnt/Disk_D/تعليمي/Javascript Algorithms and Data Structures/35 - JavaScript Algorithms - 35 - Further Learning.mp4
[14/12/24 07:27:26] "36 - JavaScript Data Structures - 1 - Introduction.mp4" | /mnt/Disk_D/تعليمي/Javascript Algorithms and Data Structures/36 - JavaScript Data Structures - 1 - Introduction.mp4
[14/12/24 08:16:37] "أغنية  [ محقق كونان ]مع كلمات ｜منوعات سبيس تون [Xd6qPWVVVRk]_(Vocals)_1_HP-UVR.mp3" | /home/muhammad/Downloads/أغنية  [ محقق كونان ]مع كلمات ｜منوعات سبيس تون [Xd6qPWVVVRk]_(Vocals)_1_HP-UVR.mp3
[14/12/24 14:43:33] "linux_terminal_beep.mp3" | /home/muhammad/Downloads/linux_terminal_beep.mp3
[14/12/24 14:46:48] "part3.mp4" | /home/muhammad/Downloads/part3.mp4
[14/12/24 14:49:32] "تتر كونان_(Vocals)_1_HP-UVR.mp3" | /home/muhammad/Downloads/تتر كونان_(Vocals)_1_HP-UVR.mp3
[14/12/24 15:32:08] "37 - JavaScript Data Structures - 2 - Array.mp4" | /mnt/Disk_D/تعليمي/Javascript Algorithms and Data Structures/37 - JavaScript Data Structures - 2 - Array.mp4
[14/12/24 15:37:00] "38 - JavaScript Data Structures - 3 - Object.mp4" | /mnt/Disk_D/تعليمي/Javascript Algorithms and Data Structures/38 - JavaScript Data Structures - 3 - Object.mp4
[14/12/24 15:41:32] "39 - JavaScript Data Structures - 4 - Set.mp4" | /mnt/Disk_D/تعليمي/Javascript Algorithms and Data Structures/39 - JavaScript Data Structures - 4 - Set.mp4
[14/12/24 16:12:41] "07 - كيف أحببت رسول الله ﷺ ｜ الحلقة (٧)： نماذج مؤثرة من محبة الصحابة للنبي ﷺ.mp4" | /home/muhammad/Downloads/07 - كيف أحببت رسول الله ﷺ ｜ الحلقة (٧)： نماذج مؤثرة من محبة الصحابة للنبي ﷺ.mp4
[14/12/24 23:42:54] "output_video-2.mp4" | /home/muhammad/Downloads/output_video-2.mp4
[15/12/24 12:49:01] "The Complete Finn Timeline (Adventure Time) ｜ Channel Frederator.mp4" | /home/muhammad/Downloads/The Complete Finn Timeline (Adventure Time) ｜ Channel Frederator.mp4
[15/12/24 13:03:30] "40 - JavaScript Data Structures - 5 - Map.mp4" | /mnt/Disk_D/تعليمي/Javascript Algorithms and Data Structures/40 - JavaScript Data Structures - 5 - Map.mp4
[15/12/24 13:05:07] "41 - JavaScript Data Structures - 6 - Stack Overview.mp4" | /mnt/Disk_D/تعليمي/Javascript Algorithms and Data Structures/41 - JavaScript Data Structures - 6 - Stack Overview.mp4
[15/12/24 13:07:00] "42 - JavaScript Data Structures - 8 - Queue Overview.mp4" | /mnt/Disk_D/تعليمي/Javascript Algorithms and Data Structures/42 - JavaScript Data Structures - 8 - Queue Overview.mp4
[15/12/24 13:15:53] "148 - Constructor Function Introduction.mp4" | /mnt/Disk_D/تعليمي/Front-End Developer Roadmap/07 - Learn JavaScript In Arabic 2021/148 - Constructor Function Introduction.mp4
[15/12/24 13:17:31] "149 - Constructor Function New Syntax.mp4" | /mnt/Disk_D/تعليمي/Front-End Developer Roadmap/07 - Learn JavaScript In Arabic 2021/149 - Constructor Function New Syntax.mp4
[15/12/24 13:20:29] "43 - JavaScript Data Structures - 9 - Queue Implementation.mp4" | /mnt/Disk_D/تعليمي/Javascript Algorithms and Data Structures/43 - JavaScript Data Structures - 9 - Queue Implementation.mp4
[15/12/24 13:32:45] "121 - Destructuring Mixed Content.mp4" | /mnt/Disk_D/تعليمي/Front-End Developer Roadmap/07 - Learn JavaScript In Arabic 2021/121 - Destructuring Mixed Content.mp4
[15/12/24 13:33:17] "120 - Destructuring Function Parameters.mp4" | /mnt/Disk_D/تعليمي/Front-End Developer Roadmap/07 - Learn JavaScript In Arabic 2021/120 - Destructuring Function Parameters.mp4
[15/12/24 13:34:13] "44 - JavaScript Data Structures - 10 - Queue Implementation Optimised.mp4" | /mnt/Disk_D/تعليمي/Javascript Algorithms and Data Structures/44 - JavaScript Data Structures - 10 - Queue Implementation Optimised.mp4
[15/12/24 15:20:55] "Solid Lec 10 (supplementary): Derivation of the I-V Characteristics of the MOSFET" | /mnt/Disk_D/Engineering/Semester_materials/Solid/Old/Dr.Kareem/Solid Lec 10 (supplementary)： Derivation of the I-V Characteristics of the MOSFET.mp4
[15/12/24 23:18:22] "45 - JavaScript Data Structures - 11 - Circular Queue Overview.mp4" | /mnt/Disk_D/تعليمي/Javascript Algorithms and Data Structures/45 - JavaScript Data Structures - 11 - Circular Queue Overview.mp4
[16/12/24 05:25:32] "46 - JavaScript Data Structures - 12 - Circular Queue Implementation.mp4" | /mnt/Disk_D/تعليمي/Javascript Algorithms and Data Structures/46 - JavaScript Data Structures - 12 - Circular Queue Implementation.mp4
[16/12/24 05:27:28] "How I Setup Neovim To Make It AMAZING In 2024 ｜ Complete Guide.mp4" | /mnt/Disk_D/تعليمي/How I Setup Neovim To Make It AMAZING In 2024 ｜ Complete Guide.mp4
[16/12/24 05:29:21] "Arch Linux： Go Traditional in January 2023!.mp4" | /mnt/Disk_D/تعليمي/Arch Linux： Go Traditional in January 2023!.mp4
[16/12/24 05:56:12] "01 - Dynamic Programming ｜ Set 1 (Overlapping Subproblems Property) ｜ GeeksforGeeks.mp4" | /mnt/Disk_D/تعليمي/Dynamic Programming - Algorithms & Data Structures - Programming/01 - Dynamic Programming ｜ Set 1 (Overlapping Subproblems Property) ｜ GeeksforGeeks.mp4
[16/12/24 06:26:00] "Bash Scripting on Linux (The Complete Guide) Class 11 - Data Streams.mp4" | /mnt/Disk_D/تعليمي/Bash Scripting on Linux/Bash Scripting on Linux (The Complete Guide) Class 11 - Data Streams.mp4
[16/12/24 06:33:28] "How The 'awk' Command Made Me A 10x Engineer.mp4" | /mnt/Disk_D/تعليمي/How The 'awk' Command Made Me A 10x Engineer.mp4
[16/12/24 14:42:36] "47 - JavaScript Data Structures - 13 - Linked List Overview.mp4" | /mnt/Disk_D/تعليمي/Javascript Algorithms and Data Structures/47 - JavaScript Data Structures - 13 - Linked List Overview.mp4
[16/12/24 14:48:24] "48 - JavaScript Data Structures - 14 - Linked List Class.mp4" | /mnt/Disk_D/تعليمي/Javascript Algorithms and Data Structures/48 - JavaScript Data Structures - 14 - Linked List Class.mp4
[16/12/24 15:19:10] "49 - JavaScript Data Structures - 15 - Linked List Prepend.mp4" | /mnt/Disk_D/تعليمي/Javascript Algorithms and Data Structures/49 - JavaScript Data Structures - 15 - Linked List Prepend.mp4
[16/12/24 19:39:25] "50 - JavaScript Data Structures - 16 - Linked List Print.mp4" | /mnt/Disk_D/تعليمي/Javascript Algorithms and Data Structures/50 - JavaScript Data Structures - 16 - Linked List Print.mp4
[17/12/24 00:13:03] "51 - JavaScript Data Structures - 17 - Linked List Append.mp4" | /mnt/Disk_D/تعليمي/Javascript Algorithms and Data Structures/51 - JavaScript Data Structures - 17 - Linked List Append.mp4
[17/12/24 00:31:05] "52 - JavaScript Data Structures - 18 - Linked List Insert.mp4" | /mnt/Disk_D/تعليمي/Javascript Algorithms and Data Structures/52 - JavaScript Data Structures - 18 - Linked List Insert.mp4
[17/12/24 00:41:15] "53 - JavaScript Data Structures - 19 - Linked List Remove.mp4" | /mnt/Disk_D/تعليمي/Javascript Algorithms and Data Structures/53 - JavaScript Data Structures - 19 - Linked List Remove.mp4
[17/12/24 06:48:11] "54 - JavaScript Data Structures - 20 - Linked List Remove Value.mp4" | /mnt/Disk_D/تعليمي/Javascript Algorithms and Data Structures/54 - JavaScript Data Structures - 20 - Linked List Remove Value.mp4
[17/12/24 21:59:58] "output_file.mp3" | /home/muhammad/Downloads/output_file.mp3
[19/12/24 16:00:30] "The ENTIRE Story of Teen Titans in 65 Minutes [-G_be8Dq7FQ].m4a" | /home/muhammad/Downloads/The ENTIRE Story of Teen Titans in 65 Minutes [-G_be8Dq7FQ].m4a
[19/12/24 16:05:01] "The ENTIRE Story of Samurai Jack in 49 Minutes.mp4" | /home/muhammad/Downloads/The ENTIRE Story of Samurai Jack in 49 Minutes.mp4
[19/12/24 19:58:26] "The ENTIRE Story of Teen Titans in 65 Minutes.mp4" | /home/muhammad/Downloads/The ENTIRE Story of Teen Titans in 65 Minutes.mp4
[20/12/24 13:02:41] "02 - ألف باء التربية 01 ｜ مقدمات لا بدّ منها (هذه نسخة بديلة عن النسخة الأصلية لخلل الصوت والصورة).m4a" | /mnt/Disk_D/إسلاميات/د.عبد الرحمن ذاكر/الف باء التربية/02 - ألف باء التربية 01 ｜ مقدمات لا بدّ منها (هذه نسخة بديلة عن النسخة الأصلية لخلل الصوت والصورة).m4a
[20/12/24 13:14:11] "النصر في سوريا على ضوء سورة الفتح ｜ أحمد السيد.mp4" | /home/muhammad/Downloads/النصر في سوريا على ضوء سورة الفتح ｜ أحمد السيد.mp4
[20/12/24 22:21:46] "Why Chess.com Is Better Than The Other Site" | https://www.youtube.com/watch?v=wULVTt7l8fU&pp=ygUUbGljaGVzcyB2cyBjaGVzcy5jb20%3D
[20/12/24 22:38:54] "I Swapped to Lichess for 30 Days: Here's What I Found." | https://www.youtube.com/watch?v=6ssuAZQUacA&pp=ygUUbGljaGVzcyB2cyBjaGVzcy5jb20%3D
[20/12/24 22:43:24] "Chess.com vs Lichess which one is BETTER for you" | https://www.youtube.com/watch?v=6AhTfFzIACQ&pp=ygUUbGljaGVzcyB2cyBjaGVzcy5jb20%3D
[21/12/24 06:26:08] "حال البشرية في غياب الفتوحات الإسلامية - د . إياد قنيبي.mp4" | /home/muhammad/Downloads/حال البشرية في غياب الفتوحات الإسلامية - د . إياد قنيبي.mp4
[21/12/24 15:17:42] "lecture 6 part 2 - dr⧸ Ahmed said analog communication.mp4" | /mnt/Disk_D/Engineering/Semester_materials/Analog/videos/lecture 6 part 2 - dr⧸ Ahmed said analog communication.mp4
[21/12/24 15:17:45] "lecture 6 part 1 - dr⧸ Ahmed said analog communication.mp4" | /mnt/Disk_D/Engineering/Semester_materials/Analog/videos/lecture 6 part 1 - dr⧸ Ahmed said analog communication.mp4
[24/12/24 14:30:47] "Lecture 8 - Dr Ahmed Saeed Analog communication.mp4" | /mnt/Disk_D/Engineering/Semester_materials/Analog/videos/Lecture 8 - Dr Ahmed Saeed Analog communication.mp4
[25/12/24 01:38:34] "شاب محظوظ دخل مدرسة نصفها فتيات وكل الفتيات تقع في غرامه ولكنه غبي جاب العيد 🤕🤬 ملخص انمي كامل" | https://www.youtube.com/watch?v=EXIzxRmpkGk&pp=ygUR2YXZhNiu2LUg2KPZhtmF2Yo%3D
[26/12/24 21:39:34] "The ENTIRE Story of Rise of the TMNT from Start to End in 31 Minutes [4GKxC4ihUtA].webm" | /home/muhammad/Downloads/The ENTIRE Story of Rise of the TMNT from Start to End in 31 Minutes [4GKxC4ihUtA].webm
[28/12/24 06:05:51] "eric.wav" | /mnt/Disk_D/Engineering/Semester_materials/Analog/25/6-Project/eric.wav
[28/12/24 20:17:18] "Dr Noha Part Section Video.mp4" | /mnt/Disk_D/Engineering/Semester_materials/Analog/Sections/Dr.Noha part/Dr Noha Part Section Video.mp4
[29/12/24 05:34:50] "06 - The COMPLETE Kaiju No. 8 'The Compatible User Arc' Explained.mp4" | /home/muhammad/Downloads/06 - The COMPLETE Kaiju No. 8 'The Compatible User Arc' Explained.mp4
[29/12/24 07:05:52] "07 - The COMPLETE Kaiju No. 8 'Cataclysms Arc' Explained.mp4" | /home/muhammad/Downloads/07 - The COMPLETE Kaiju No. 8 'Cataclysms Arc' Explained.mp4
[29/12/24 14:31:07] "08 - The COMPLETE Kaiju No. 8 'The Second Wave Arc' Explained.mp4" | /home/muhammad/Downloads/08 - The COMPLETE Kaiju No. 8 'The Second Wave Arc' Explained.mp4
[29/12/24 20:23:28] "09 - The INCOMPLETE Kaiju No. 8 'The Last Wave Arc' Explained.mp4" | /home/muhammad/Downloads/09 - The INCOMPLETE Kaiju No. 8 'The Last Wave Arc' Explained.mp4
[29/12/24 20:24:13] "10 - The COMPLETE Kaiju No. 8 B-Side Manga Explained.mp4" | /home/muhammad/Downloads/10 - The COMPLETE Kaiju No. 8 B-Side Manga Explained.mp4
[29/12/24 21:44:06] "02 - ألف باء التربية 01 ｜ مقدمات لا بدّ منها (هذه نسخة بديلة عن النسخة الأصلية لخلل الصوت والصورة).mp4" | /home/muhammad/Downloads/02 - ألف باء التربية 01 ｜ مقدمات لا بدّ منها (هذه نسخة بديلة عن النسخة الأصلية لخلل الصوت والصورة).mp4
[29/12/24 21:54:36] "output.mp4" | /home/muhammad/Downloads/output.mp4
[29/12/24 22:02:44] "output_video.mp4" | /mnt/Disk_D/إسلاميات/د.عبد الرحمن ذاكر/الف باء التربية/output_video.mp4
[29/12/24 22:21:51] "00 - مقدمات لا بدّ منها (هذه نسخة بديلة عن النسخة الأصلية لخلل الصوت والصورة).mp4" | /mnt/Disk_D/إسلاميات/د.عبد الرحمن ذاكر/الف باء التربية/00 - مقدمات لا بدّ منها (هذه نسخة بديلة عن النسخة الأصلية لخلل الصوت والصورة).mp4
[31/12/24 05:39:05] "80 - CSS Selectors Reference Part 3.mp4" | /mnt/Disk_D/تعليمي/Front-End Developer Roadmap/02 - Learn CSS In Arabic/80 - CSS Selectors Reference Part 3.mp4
[31/12/24 06:25:51] "Creating unique shapes & animations using CSS clip-path" | https://www.youtube.com/watch?v=N_IrzRpJ0s4
[31/12/24 13:31:32] "03 - Create Configuration And Watch Files.mp4" | /mnt/Disk_D/تعليمي/Front-End Developer Roadmap/10 - Learn Typescript In Arabic 2022/03 - Create Configuration And Watch Files.mp4
[31/12/24 17:05:45] "2024-12-31 14-57-49.mp4" | /home/muhammad/2024-12-31 14-57-49.mp4
[01/01/25 06:49:44] "Lecture 2 dr noha.m4a" | /mnt/Disk_D/Engineering/Semester_materials/Analog/25/1- Lectures 📖/Dr. Noha/Lecture 2/Record/Lecture 2 dr noha.m4a
[02/01/25 00:11:23] "2024-12-31 14-56-47.mp4" | /home/muhammad/2024-12-31 14-56-47.mp4
[03/01/25 01:44:16] "Invited to Join the Taliban [Episode 2]" | https://www.youtube.com/watch?v=bGvj_WOmOTY&t=1197s
[05/01/25 20:02:14] "Lecture 7 - Dr Ahmed Saeed Analog communication.mp4" | /mnt/Disk_D/Engineering/Semester_materials/Analog/videos/Lecture 7 - Dr Ahmed Saeed Analog communication.mp4
[06/01/25 12:54:03] "12 ｜ جهالات ومخادعات ومغالطات 08 ｜ حول الطفل والطفولة 03.m4a" | /mnt/Disk_D/إسلاميات/د.عبد الرحمن ذاكر/الف باء التربية/12 ｜ جهالات ومخادعات ومغالطات 08 ｜ حول الطفل والطفولة 03.m4a
[06/01/25 15:49:30] "Section 1.mp4" | /mnt/Disk_D/Engineering/Semester_materials/Analog/Sections/Dr.Elsayed part/2-Videos/Section 1.mp4
[09/01/25 17:13:44] "Curious Canadian Grills Muslim With Difficult Questions! Muhammed Ali [XhEel3w9jYY].mp4" | /home/muhammad/Downloads/Curious Canadian Grills Muslim With Difficult Questions! Muhammed Ali [XhEel3w9jYY].mp4
[09/01/25 18:23:24] "Solid Lec 11： Overview about BJT [JiAumM-3czY].m4a" | /home/muhammad/Downloads/Solid Lec 11： Overview about BJT [JiAumM-3czY].m4a
[09/01/25 18:33:55] "Solid Lec 12 (Supplementary)： Proof of Terminal Currents in BJT.mp4" | /mnt/Disk_D/Engineering/Semester_materials/Solid/Dr.Kareem/Solid Lec 12 (Supplementary)： Proof of Terminal Currents in BJT.mp4
[10/01/25 14:51:30] "Solid Lec 8: MOS Capacitor and Its Modes of Operation" | /mnt/Disk_D/Engineering/Semester_materials/Solid/Old/Dr.Kareem/Solid Lec 08 MOS Capacitor and Its Modes of Operation.mp4
[10/01/25 14:52:43] "Solid Lec 8 (supplementary): Energy band diagrams of the modes of operation of MOS Capacitor" | /mnt/Disk_D/Engineering/Semester_materials/Solid/Dr.Kareem/Solid Lec 08 (supplementary)： Energy band diagrams of the modes of operation of MOS Capacitor.mp4
[10/01/25 20:29:56] "Solid Lec 9 (Supplementary): Proof of Charge Distribution in Ideal MOS, and Non-Ideal Effects" | /mnt/Disk_D/Engineering/Semester_materials/Solid/Dr.Kareem/Solid Lec 09 (Supplementary)： Proof of Charge Distribution in Ideal MOS, and Non-Ideal Effects.mp4
[10/01/25 23:29:58] "Can Middle Eastern Countries Understand Each Other? (Iran, Morrocco, Saudi Arabia, Egypt)" | https://www.youtube.com/watch?v=X4NoEvL_qiI&pp=ygUQYXJhYiBhZmdoYW5pc3Rhbg%3D%3D
[11/01/25 16:16:00] "Solid Lec 9: MOS Structure Characteristics and Threshold Voltage" | /mnt/Disk_D/Engineering/Semester_materials/Solid/Dr.Kareem/Solid Lec 09 MOS Structure Characteristics and Threshold Voltage.mp4
[11/01/25 21:01:30] "Solid Lec 10: MOSFET Operation and Characteristics" | /mnt/Disk_D/Engineering/Semester_materials/Solid/Dr.Kareem/Solid Lec 10 MOSFET Operation and Characteristics.mp4
[11/01/25 22:58:14] "صوت_المحيط.mp3" | /mnt/Disk_D/نغمات/صوت_المحيط.mp3
[11/01/25 23:25:06] "Stop Shaving Your Balls - Ulike X Laser Hair Removal At Home" | https://www.youtube.com/watch?v=1AtN_9JK2cw&pp=ygUncmV2aWV3IHJlbW92aW5nIGhhaXIgd2l0aCBsYXplciBmb3IgbWVu
[12/01/25 00:23:30] "02 - Installing MongoDB.mp4" | /mnt/Disk_D/تعليمي/Complete MongoDB Tutorial/02 - Installing MongoDB.mp4
[12/01/25 00:37:40] "03 - Collections & Documents.mp4" | /mnt/Disk_D/تعليمي/Complete MongoDB Tutorial/03 - Collections & Documents.mp4
[12/01/25 00:50:10] "04 - Using MongoDB Compass.mp4" | /mnt/Disk_D/تعليمي/Complete MongoDB Tutorial/04 - Using MongoDB Compass.mp4
[12/01/25 00:54:26] "05 - Using the MongoDB Shell.mp4" | /mnt/Disk_D/تعليمي/Complete MongoDB Tutorial/05 - Using the MongoDB Shell.mp4
[12/01/25 06:19:23] "06 - Adding New Documents.mp4" | /mnt/Disk_D/تعليمي/Complete MongoDB Tutorial/06 - Adding New Documents.mp4
[12/01/25 06:29:12] "07 - Finding Documents.mp4" | /mnt/Disk_D/تعليمي/Complete MongoDB Tutorial/07 - Finding Documents.mp4
[12/01/25 06:31:58] "08 - Sorting & Limiting Data.mp4" | /mnt/Disk_D/تعليمي/Complete MongoDB Tutorial/08 - Sorting & Limiting Data.mp4
[12/01/25 06:38:19] "09 - Nested Documents.mp4" | /mnt/Disk_D/تعليمي/Complete MongoDB Tutorial/09 - Nested Documents.mp4
[12/01/25 06:54:09] "10 - Operators & Complex Queries.mp4" | /mnt/Disk_D/تعليمي/Complete MongoDB Tutorial/10 - Operators & Complex Queries.mp4
[12/01/25 13:07:36] "1 INT AVR EEC 341 [pFcZCQ9_azY].mp4" | /home/muhammad/Downloads/1 INT AVR EEC 341 [pFcZCQ9_azY].mp4
[12/01/25 13:24:03] "1 INT AVR EEC 341.mp4" | /home/muhammad/Downloads/1 INT AVR EEC 341.mp4
[12/01/25 13:24:23] "2 INT AVR EEC 341.mp4" | /home/muhammad/Downloads/2 INT AVR EEC 341.mp4
[13/01/25 00:45:16] "11 - Using $in & $nin.mp4" | /mnt/Disk_D/تعليمي/Complete MongoDB Tutorial/11 - Using $in & $nin.mp4
[13/01/25 00:55:22] "12 - Querying Arrays.mp4" | /mnt/Disk_D/تعليمي/Complete MongoDB Tutorial/12 - Querying Arrays.mp4
[13/01/25 01:03:19] "13 - Deleting Documents.mp4" | /mnt/Disk_D/تعليمي/Complete MongoDB Tutorial/13 - Deleting Documents.mp4
[13/01/25 06:07:19] "14 - Updating Documents.mp4" | /mnt/Disk_D/تعليمي/Complete MongoDB Tutorial/14 - Updating Documents.mp4
[13/01/25 23:37:01] "16 - Connecting to MongoDB.mp4" | /mnt/Disk_D/تعليمي/Complete MongoDB Tutorial/16 - Connecting to MongoDB.mp4
[13/01/25 23:38:20] "15 - MongoDB Drivers.mp4" | /mnt/Disk_D/تعليمي/Complete MongoDB Tutorial/15 - MongoDB Drivers.mp4
[13/01/25 23:53:31] "28 - #28 Event Loop in NODE JS ｜ Fundamentals of NODE JS ｜ A Complete NODE JS Course.mp4" | /home/muhammad/Downloads/28 - #28 Event Loop in NODE JS ｜ Fundamentals of NODE JS ｜ A Complete NODE JS Course.mp4
[13/01/25 23:54:54] "29 - #29 NODE JS Event Loop in Practice ｜ Fundamentals of NODE JS ｜ A Complete NODE JS Course.mp4" | /home/muhammad/Downloads/29 - #29 NODE JS Event Loop in Practice ｜ Fundamentals of NODE JS ｜ A Complete NODE JS Course.mp4
[13/01/25 23:58:25] "01 - #01 Introduction to NODE JS ｜ Fundamentals of NODE JS ｜ A Complete NODE JS Course.mp4" | /home/muhammad/Downloads/01 - #01 Introduction to NODE JS ｜ Fundamentals of NODE JS ｜ A Complete NODE JS Course.mp4
[13/01/25 23:58:26] "01 - #01 Introduction to NODE JS ｜ Fundamentals of NODE JS ｜ A Complete NODE JS Course.mp4" | /home/muhammad/Downloads/node/01 - #01 Introduction to NODE JS ｜ Fundamentals of NODE JS ｜ A Complete NODE JS Course.mp4
[14/01/25 00:09:04] "01 - #01 Introduction to NODE JS ｜ Fundamentals of NODE JS ｜ A Complete NODE JS Course.mp4" | /home/muhammad/Downloads/node/converted/01 - #01 Introduction to NODE JS ｜ Fundamentals of NODE JS ｜ A Complete NODE JS Course.mp4
[14/01/25 00:09:10] "09 - #09 An overview of how web works ｜ Fundamentals of NODE JS ｜ A Complete NODE JS Course.mp4" | /home/muhammad/Downloads/node/converted/09 - #09 An overview of how web works ｜ Fundamentals of NODE JS ｜ A Complete NODE JS Course.mp4
[14/01/25 00:09:17] "17 - #17 Parsing Query String from URL ｜ Fundamentals of NODE JS ｜ A Complete NODE JS Course.mp4" | /home/muhammad/Downloads/node/converted/17 - #17 Parsing Query String from URL ｜ Fundamentals of NODE JS ｜ A Complete NODE JS Course.mp4
[14/01/25 00:28:31] "01 - #01 Introduction to NODE JS ｜ Fundamentals of NODE JS ｜ A Complete NODE JS Course.mp4" | /mnt/Disk_D/تعليمي/A Complete NODE JS Course Step by Step/01 - #01 Introduction to NODE JS ｜ Fundamentals of NODE JS ｜ A Complete NODE JS Course.mp4
[14/01/25 00:31:56] "02 - #02 Installing NODE JS ｜ Fundamentals of NODE JS ｜ A Complete NODE JS Course.mp4" | /mnt/Disk_D/تعليمي/A Complete NODE JS Course Step by Step/02 - #02 Installing NODE JS ｜ Fundamentals of NODE JS ｜ A Complete NODE JS Course.mp4
[14/01/25 05:36:27] "03 - #03 Understanding REPL in Node ｜ Fundamentals of NODE JS ｜ A Complete NODE JS Course.mp4" | /mnt/Disk_D/تعليمي/A Complete NODE JS Course Step by Step/03 - #03 Understanding REPL in Node ｜ Fundamentals of NODE JS ｜ A Complete NODE JS Course.mp4
[14/01/25 06:07:40] "04 - #04 First Node JS Project ｜ Fundamentals of NODE JS ｜ A Complete NODE JS Course.mp4" | /mnt/Disk_D/تعليمي/A Complete NODE JS Course Step by Step/04 - #04 First Node JS Project ｜ Fundamentals of NODE JS ｜ A Complete NODE JS Course.mp4
[14/01/25 06:58:18] "05 - #05 Reading & Writing files synchronously ｜ Fundamentals of NODE JS ｜ A Complete NODE JS Course.mp4" | /mnt/Disk_D/تعليمي/A Complete NODE JS Course Step by Step/05 - #05 Reading & Writing files synchronously ｜ Fundamentals of NODE JS ｜ A Complete NODE JS Course.mp4
[14/01/25 16:32:44] "06 - #06 Asynchronous nature of Node JS ｜ Fundamentals of NODE JS ｜ A Complete NODE JS Course.mp4" | /mnt/Disk_D/تعليمي/A Complete NODE JS Course Step by Step/06 - #06 Asynchronous nature of Node JS ｜ Fundamentals of NODE JS ｜ A Complete NODE JS Course.mp4
[14/01/25 16:51:52] "07 - #07 Reading & Writing files asynchronously ｜ Fundamentals of NODE JS ｜ A Complete NODE JS Course.mp4" | /mnt/Disk_D/تعليمي/A Complete NODE JS Course Step by Step/07 - #07 Reading & Writing files asynchronously ｜ Fundamentals of NODE JS ｜ A Complete NODE JS Course.mp4
[14/01/25 17:04:05] "08 - #08 Creating a simple web server ｜ Fundamentals of NODE JS ｜ A Complete NODE JS Course.mp4" | /mnt/Disk_D/تعليمي/A Complete NODE JS Course Step by Step/08 - #08 Creating a simple web server ｜ Fundamentals of NODE JS ｜ A Complete NODE JS Course.mp4
[14/01/25 22:51:13] "صوت_أمطار_الغابات.mp3" | /mnt/Disk_D/نغمات/صوت_أمطار_الغابات.mp3
[14/01/25 23:14:38] "09 - #09 An overview of how web works ｜ Fundamentals of NODE JS ｜ A Complete NODE JS Course.mp4" | /mnt/Disk_D/تعليمي/A Complete NODE JS Course Step by Step/09 - #09 An overview of how web works ｜ Fundamentals of NODE JS ｜ A Complete NODE JS Course.mp4
[14/01/25 23:37:25] "10 - #10 How Request & Response works ｜ Fundamentals of NODE JS ｜ A Complete NODE JS Course.mp4" | /mnt/Disk_D/تعليمي/A Complete NODE JS Course Step by Step/10 - #10 How Request & Response works ｜ Fundamentals of NODE JS ｜ A Complete NODE JS Course.mp4
[14/01/25 23:47:20] "11 - #11 What is Routing ｜ Fundamentals of NODE JS ｜ A Complete NODE JS Course.mp4" | /mnt/Disk_D/تعليمي/A Complete NODE JS Course Step by Step/11 - #11 What is Routing ｜ Fundamentals of NODE JS ｜ A Complete NODE JS Course.mp4
[14/01/25 23:58:52] "12 - #12 Creating Routes in Node JS ｜ Fundamentals of NODE JS ｜ A Complete NODE JS Course.mp4" | /mnt/Disk_D/تعليمي/A Complete NODE JS Course Step by Step/12 - #12 Creating Routes in Node JS ｜ Fundamentals of NODE JS ｜ A Complete NODE JS Course.mp4
[15/01/25 00:41:28] "13 - #13 Sending HTML Response ｜ Fundamentals of NODE JS ｜ A Complete NODE JS Course.mp4" | /mnt/Disk_D/تعليمي/A Complete NODE JS Course Step by Step/13 - #13 Sending HTML Response ｜ Fundamentals of NODE JS ｜ A Complete NODE JS Course.mp4
[15/01/25 00:51:15] "14 - #14 Setting headers for Response ｜ Fundamentals of NODE JS ｜ A Complete NODE JS Course.mp4" | /mnt/Disk_D/تعليمي/A Complete NODE JS Course Step by Step/14 - #14 Setting headers for Response ｜ Fundamentals of NODE JS ｜ A Complete NODE JS Course.mp4
[15/01/25 06:05:53] "015 - Working with JSON data ｜ Fundamentals of NODE JS.mp4" | /mnt/Disk_D/تعليمي/A Complete NODE JS Course Step by Step/015 - Working with JSON data ｜ Fundamentals of NODE JS.mp4
[15/01/25 06:26:38] "016 - Transforming JSON data into HTML ｜ Fundamentals of NODE JS.mp4" | /mnt/Disk_D/تعليمي/A Complete NODE JS Course Step by Step/016 - Transforming JSON data into HTML ｜ Fundamentals of NODE JS.mp4
[15/01/25 23:56:07] "017 - Parsing Query String from URL ｜ Fundamentals of NODE JS.mp4" | /mnt/Disk_D/تعليمي/A Complete NODE JS Course Step by Step/017 - Parsing Query String from URL ｜ Fundamentals of NODE JS.mp4
[16/01/25 00:20:18] "018 - Creating a reusable function ｜ Fundamentals of NODE JS.mp4" | /mnt/Disk_D/تعليمي/A Complete NODE JS Course Step by Step/018 - Creating a reusable function ｜ Fundamentals of NODE JS.mp4
[16/01/25 00:25:55] "019 - Creating a Custom Module ｜ Fundamentals of NODE JS.mp4" | /mnt/Disk_D/تعليمي/A Complete NODE JS Course Step by Step/019 - Creating a Custom Module ｜ Fundamentals of NODE JS.mp4
[16/01/25 06:28:48] "020 - Understanding event driven architecture ｜ Fundamentals of NODE JS.mp4" | /mnt/Disk_D/تعليمي/A Complete NODE JS Course Step by Step/020 - Understanding event driven architecture ｜ Fundamentals of NODE JS.mp4
[16/01/25 07:01:55] "021 - Emitting & Handling Custom Events ｜ Fundamentals of NODE JS.mp4" | /mnt/Disk_D/تعليمي/A Complete NODE JS Course Step by Step/021 - Emitting & Handling Custom Events ｜ Fundamentals of NODE JS.mp4
[16/01/25 07:22:34] "Solid Lec 11 Overview about BJT.mp4" | /mnt/Disk_D/Engineering/Semester_materials/Solid/Dr.Kareem/Solid Lec 11 Overview about BJT.mp4
[16/01/25 14:35:58] "Solid Lec 12 BJT Terminal Currents.mp4" | /mnt/Disk_D/Engineering/Semester_materials/Solid/Dr.Kareem/Solid Lec 12 BJT Terminal Currents.mp4
[17/01/25 00:25:32] "022 - Understanding Streams in NODE JS ｜ Fundamentals of NODE JS.mp4" | /mnt/Disk_D/تعليمي/A Complete NODE JS Course Step by Step/022 - Understanding Streams in NODE JS ｜ Fundamentals of NODE JS.mp4
[17/01/25 00:53:23] "023 - Understanding Streams in Practice ｜ Fundamentals of NODE JS.mp4" | /mnt/Disk_D/تعليمي/A Complete NODE JS Course Step by Step/023 - Understanding Streams in Practice ｜ Fundamentals of NODE JS.mp4
[17/01/25 01:03:12] "024 - Understanding pipe method ｜ Fundamentals of NODE JS.mp4" | /mnt/Disk_D/تعليمي/A Complete NODE JS Course Step by Step/024 - Understanding pipe method ｜ Fundamentals of NODE JS.mp4
[17/01/25 01:08:47] "025 - What is NPM ｜ Fundamentals of NODE JS.mp4" | /mnt/Disk_D/تعليمي/A Complete NODE JS Course Step by Step/025 - What is NPM ｜ Fundamentals of NODE JS.mp4
[17/01/25 01:24:41] "026 - Types of Packages & installs ｜ Fundamentals of NODE JS.mp4" | /mnt/Disk_D/تعليمي/A Complete NODE JS Course Step by Step/026 - Types of Packages & installs ｜ Fundamentals of NODE JS.mp4
[17/01/25 01:39:40] "027 - Architecture of NODE JS ｜ Fundamentals of NODE JS.mp4" | /mnt/Disk_D/تعليمي/A Complete NODE JS Course Step by Step/027 - Architecture of NODE JS ｜ Fundamentals of NODE JS.mp4
[17/01/25 03:59:23] "Electron JS in 100 Seconds.mp4" | /home/muhammad/Downloads/Electron JS in 100 Seconds.mp4
[17/01/25 04:20:47] "028 - Event Loop in NODE JS ｜ Fundamentals of NODE JS.mp4" | /mnt/Disk_D/تعليمي/A Complete NODE JS Course Step by Step/028 - Event Loop in NODE JS ｜ Fundamentals of NODE JS.mp4
[17/01/25 06:16:25] "029 - NODE JS Event Loop in Practice ｜ Fundamentals of NODE JS.mp4" | /mnt/Disk_D/تعليمي/A Complete NODE JS Course Step by Step/029 - NODE JS Event Loop in Practice ｜ Fundamentals of NODE JS.mp4
[17/01/25 18:29:25] "Solid Lec 05 PN Junction at Thermal Equilibrium.mp4" | /mnt/Disk_D/Engineering/Semester_materials/Solid/Dr.Kareem/Solid Lec 05 PN Junction at Thermal Equilibrium.mp4
[17/01/25 23:02:51] "002 - البقرة.mp3" | /mnt/Disk_D/قرآن_كريم/ياسر الدوسري/002 - البقرة.mp3
[17/01/25 23:18:35] "030 - Introduction to Express JS ｜ Working with Express JS.mp4" | /mnt/Disk_D/تعليمي/A Complete NODE JS Course Step by Step/030 - Introduction to Express JS ｜ Working with Express JS.mp4
[17/01/25 23:37:16] "031 - Frontend vs Backend Development ｜ Working with Express JS.mp4" | /mnt/Disk_D/تعليمي/A Complete NODE JS Course Step by Step/031 - Frontend vs Backend Development ｜ Working with Express JS.mp4
[18/01/25 06:17:08] "032 - What is Web API ｜ Working with Express JS.mp4" | /mnt/Disk_D/تعليمي/A Complete NODE JS Course Step by Step/032 - What is Web API ｜ Working with Express JS.mp4
[19/01/25 00:19:38] "033 - Understanding REST Architecture ｜ Working with Express JS.mp4" | /mnt/Disk_D/تعليمي/A Complete NODE JS Course Step by Step/033 - Understanding REST Architecture ｜ Working with Express JS.mp4
[19/01/25 06:58:57] "039 - Understanding Middleware in Express ｜ Working with Express JS.mp4" | /mnt/Disk_D/تعليمي/A Complete NODE JS Course Step by Step/039 - Understanding Middleware in Express ｜ Working with Express JS.mp4
[20/01/25 00:23:07] "ناصر: التفاصيل الكاملة لاعتقال اليوتيوبر أحمد أبو زيد.. ما علاقة المليون دولار؟!" | https://www.youtube.com/watch?v=HWxhUH0W_Qo&pp=ygUW2KPYrdmF2K8g2KPYqNmIINiy2YrYrw%3D%3D
[20/01/25 01:17:50] "040 - Creating a Custom Middleware ｜ Working with Express JS.mp4" | /mnt/Disk_D/تعليمي/A Complete NODE JS Course Step by Step/040 - Creating a Custom Middleware ｜ Working with Express JS.mp4
[20/01/25 06:21:30] "041 - Using third party middleware ｜ Working with Express JS.mp4" | /mnt/Disk_D/تعليمي/A Complete NODE JS Course Step by Step/041 - Using third party middleware ｜ Working with Express JS.mp4
[20/01/25 06:32:21] "خطة حازم ابو اسماعيل لتطوير الاقتصاد المصرى" | https://www.youtube.com/watch?v=QC8rzleVvKQ&pp=ygUf2K3Yp9iy2YUg2KPYqNmIINil2LPZhdin2LnZitmEIA%3D%3D
[20/01/25 13:54:14] "167 - Modules Import And Export.mp4" | /mnt/Disk_D/تعليمي/Front-End Developer Roadmap/07 - Learn JavaScript In Arabic 2021/167 - Modules Import And Export.mp4
[20/01/25 13:57:43] "168 - Named vs Default Export And Import All.mp4" | /mnt/Disk_D/تعليمي/Front-End Developer Roadmap/07 - Learn JavaScript In Arabic 2021/168 - Named vs Default Export And Import All.mp4
[20/01/25 15:49:43] "046 - Serving static files ｜ Working with Express JS.mp4" | /mnt/Disk_D/تعليمي/A Complete NODE JS Course Step by Step/046 - Serving static files ｜ Working with Express JS.mp4
[20/01/25 16:00:32] "047 - Environment variables ｜ Working with Express JS.mp4" | /mnt/Disk_D/تعليمي/A Complete NODE JS Course Step by Step/047 - Environment variables ｜ Working with Express JS.mp4
[20/01/25 16:44:14] "048 - Environment variable configuration file ｜ Working with Express JS.mp4" | /mnt/Disk_D/تعليمي/A Complete NODE JS Course Step by Step/048 - Environment variable configuration file ｜ Working with Express JS.mp4
[20/01/25 16:53:59] "مراحل تعلم برمجة الويب ٢٠٢٤ [zW9FN36It9A].mp4" | /home/muhammad/Downloads/مراحل تعلم برمجة الويب ٢٠٢٤ [zW9FN36It9A].mp4
[20/01/25 23:18:33] "049 - Introduction to MongoDB ｜ Getting Started with MongoDB.mp4" | /mnt/Disk_D/تعليمي/A Complete NODE JS Course Step by Step/049 - Introduction to MongoDB ｜ Getting Started with MongoDB.mp4
[20/01/25 23:19:43] "050 - Install MongoDB for Windows ｜ Getting Started with MongoDB.mp4" | /mnt/Disk_D/تعليمي/A Complete NODE JS Course Step by Step/050 - Install MongoDB for Windows ｜ Getting Started with MongoDB.mp4
[20/01/25 23:25:34] "051 - Working with MongoDB Database ｜ Getting Started with MongoDB.mp4" | /mnt/Disk_D/تعليمي/A Complete NODE JS Course Step by Step/051 - Working with MongoDB Database ｜ Getting Started with MongoDB.mp4
[20/01/25 23:31:01] "052 - Working with Collections ｜ Getting Started with MongoDB.mp4" | /mnt/Disk_D/تعليمي/A Complete NODE JS Course Step by Step/052 - Working with Collections ｜ Getting Started with MongoDB.mp4
[21/01/25 05:33:46] "053 - What is BSON data format ｜ Getting Started with MongoDB.mp4" | /mnt/Disk_D/تعليمي/A Complete NODE JS Course Step by Step/053 - What is BSON data format ｜ Getting Started with MongoDB.mp4
[21/01/25 05:38:46] "054 - Inserting documents in collection ｜ Getting Started with MongoDB.mp4" | /mnt/Disk_D/تعليمي/A Complete NODE JS Course Step by Step/054 - Inserting documents in collection ｜ Getting Started with MongoDB.mp4
[21/01/25 05:42:12] "055 - Fetch documents from collection ｜ Getting Started with MongoDB.mp4" | /mnt/Disk_D/تعليمي/A Complete NODE JS Course Step by Step/055 - Fetch documents from collection ｜ Getting Started with MongoDB.mp4
[21/01/25 06:10:38] "056 - Update documents in a collection ｜ Getting Started with MongoDB.mp4" | /mnt/Disk_D/تعليمي/A Complete NODE JS Course Step by Step/056 - Update documents in a collection ｜ Getting Started with MongoDB.mp4
[21/01/25 06:16:38] "057 - Delete document in a collection ｜ Getting Started with MongoDB.mp4" | /mnt/Disk_D/تعليمي/A Complete NODE JS Course Step by Step/057 - Delete document in a collection ｜ Getting Started with MongoDB.mp4
[21/01/25 06:24:03] "058 - What is Cursor in MongoDB ｜ Getting Started with MongoDB.mp4" | /mnt/Disk_D/تعليمي/A Complete NODE JS Course Step by Step/058 - What is Cursor in MongoDB ｜ Getting Started with MongoDB.mp4
[22/01/25 00:08:14] "059 - Data types in MongoDB  ｜ Getting Started with MongoDB.mp4" | /mnt/Disk_D/تعليمي/A Complete NODE JS Course Step by Step/059 - Data types in MongoDB  ｜ Getting Started with MongoDB.mp4
[22/01/25 00:18:26] "060 - Embedded Documents ｜ Getting Started with MongoDB.mp4" | /mnt/Disk_D/تعليمي/A Complete NODE JS Course Step by Step/060 - Embedded Documents ｜ Getting Started with MongoDB.mp4
[22/01/25 00:22:20] "061 - Working with Arrays ｜ Getting Started with MongoDB.mp4" | /mnt/Disk_D/تعليمي/A Complete NODE JS Course Step by Step/061 - Working with Arrays ｜ Getting Started with MongoDB.mp4
[22/01/25 00:27:07] "062 - Introduction to MongoDB Compass ｜ Getting Started with MongoDB.mp4" | /mnt/Disk_D/تعليمي/A Complete NODE JS Course Step by Step/062 - Introduction to MongoDB Compass ｜ Getting Started with MongoDB.mp4
[22/01/25 05:30:18] "063 - Creating a hosted database with Atlas ｜ Getting Started with MongoDB.mp4" | /mnt/Disk_D/تعليمي/A Complete NODE JS Course Step by Step/063 - Creating a hosted database with Atlas ｜ Getting Started with MongoDB.mp4
[22/01/25 06:09:12] "064 - Connect to remote database from Express ｜ Using MongoDB with Express.mp4" | /mnt/Disk_D/تعليمي/A Complete NODE JS Course Step by Step/064 - Connect to remote database from Express ｜ Using MongoDB with Express.mp4
[22/01/25 06:18:17] "065 - Creating Schema & Model ｜ Using MongoDB with Express.mp4" | /mnt/Disk_D/تعليمي/A Complete NODE JS Course Step by Step/065 - Creating Schema & Model ｜ Using MongoDB with Express.mp4
[22/01/25 06:32:45] "066 - Creating documents from Model ｜ Using MongoDB with Express.mp4" | /mnt/Disk_D/تعليمي/A Complete NODE JS Course Step by Step/066 - Creating documents from Model ｜ Using MongoDB with Express.mp4
[22/01/25 06:46:13] "067 - MVC Architecture in NODE JS ｜ Using MongoDB with Express.mp4" | /mnt/Disk_D/تعليمي/A Complete NODE JS Course Step by Step/067 - MVC Architecture in NODE JS ｜ Using MongoDB with Express.mp4
[22/01/25 20:47:35] "48 ｜ المشكلات التربوية 08 ｜ الغضب والتخريب والضرب والعنف 02.m4a" | /mnt/Disk_D/إسلاميات/د.عبد الرحمن ذاكر/الف باء التربية/48 ｜ المشكلات التربوية 08 ｜ الغضب والتخريب والضرب والعنف 02.m4a
[22/01/25 20:50:30] "48 ｜ المشكلات التربوية 08 ｜ الغضب والتخريب والضرب والعنف 02.mp4" | /home/muhammad/Downloads/48 ｜ المشكلات التربوية 08 ｜ الغضب والتخريب والضرب والعنف 02.mp4
[22/01/25 23:20:48] "068 - Create document from Express ｜ Using MongoDB with Express.mp4" | /mnt/Disk_D/تعليمي/A Complete NODE JS Course Step by Step/068 - Create document from Express ｜ Using MongoDB with Express.mp4
[22/01/25 23:30:14] "069 - Query documents from Express ｜ Using MongoDB with Express.mp4" | /mnt/Disk_D/تعليمي/A Complete NODE JS Course Step by Step/069 - Query documents from Express ｜ Using MongoDB with Express.mp4
[22/01/25 23:45:19] "071 - Delete document from Express ｜ Using MongoDB with Express.mp4" | /mnt/Disk_D/تعليمي/A Complete NODE JS Course Step by Step/071 - Delete document from Express ｜ Using MongoDB with Express.mp4
[23/01/25 00:03:51] "072 - Defining schema for Movie model ｜ Using MongoDB with Express.mp4" | /mnt/Disk_D/تعليمي/A Complete NODE JS Course Step by Step/072 - Defining schema for Movie model ｜ Using MongoDB with Express.mp4
[25/01/25 14:53:24] "083 - Aggregation pipeline： $unwind & $project ｜Using MongoDB with Express.mp4" | /mnt/Disk_D/تعليمي/A Complete NODE JS Course Step by Step/083 - Aggregation pipeline： $unwind & $project ｜Using MongoDB with Express.mp4
[25/01/25 20:55:00] "084 - Virtual Properties ｜ Using MongoDB with Express.mp4" | /mnt/Disk_D/تعليمي/A Complete NODE JS Course Step by Step/084 - Virtual Properties ｜ Using MongoDB with Express.mp4
[25/01/25 21:25:41] "085 - Document Middleware ｜ Using MongoDB with Express.mp4" | /mnt/Disk_D/تعليمي/A Complete NODE JS Course Step by Step/085 - Document Middleware ｜ Using MongoDB with Express.mp4
[25/01/25 22:46:30] "086 - Query Middleware ｜ Using MongoDB with Express.mp4" | /mnt/Disk_D/تعليمي/A Complete NODE JS Course Step by Step/086 - Query Middleware ｜ Using MongoDB with Express.mp4
[25/01/25 23:12:40] "087 - Aggregation Middleware ｜ Using MongoDB with Express.mp4" | /mnt/Disk_D/تعليمي/A Complete NODE JS Course Step by Step/087 - Aggregation Middleware ｜ Using MongoDB with Express.mp4
[26/01/25 05:56:34] "088 - Data Validators： Built-in validators ｜ Using MongoDB with Express.mp4" | /mnt/Disk_D/تعليمي/A Complete NODE JS Course Step by Step/088 - Data Validators： Built-in validators ｜ Using MongoDB with Express.mp4
[26/01/25 06:49:21] "089 - Data Validators： Custom validators ｜ Using MongoDB with Express.mp4" | /mnt/Disk_D/تعليمي/A Complete NODE JS Course Step by Step/089 - Data Validators： Custom validators ｜ Using MongoDB with Express.mp4
[26/01/25 07:08:45] "090 - Creating a Default Route ｜ Error Handling in Express.mp4" | /mnt/Disk_D/تعليمي/A Complete NODE JS Course Step by Step/090 - Creating a Default Route ｜ Error Handling in Express.mp4
[26/01/25 12:00:24] "091 - Global Error Handling Middleware ｜ Error Handling in Express.mp4" | /mnt/Disk_D/تعليمي/A Complete NODE JS Course Step by Step/091 - Global Error Handling Middleware ｜ Error Handling in Express.mp4
[26/01/25 12:02:08] "153 - Class Inheritance.mp4" | /mnt/Disk_D/تعليمي/Front-End Developer Roadmap/07 - Learn JavaScript In Arabic 2021/153 - Class Inheritance.mp4
[26/01/25 12:13:23] "092 - Creating a Custom Error class ｜ Error Handling in Express.mp4" | /mnt/Disk_D/تعليمي/A Complete NODE JS Course Step by Step/092 - Creating a Custom Error class ｜ Error Handling in Express.mp4
[26/01/25 16:33:05] "output.mp4" | /home/muhammad/output.mp4
[26/01/25 16:42:35] "2025-01-26 16-22-29.mp4" | /home/muhammad/2025-01-26 16-22-29.mp4
[26/01/25 17:37:27] "2025-01-26 17-36-22.mp4" | /home/muhammad/2025-01-26 17-36-22.mp4
[26/01/25 17:38:15] "2025-01-26 17-37-37.mp4" | /home/muhammad/2025-01-26 17-37-37.mp4
[26/01/25 18:40:14] "093 - Error Handling in async function ｜ Error Handling in Express.mp4" | /mnt/Disk_D/تعليمي/A Complete NODE JS Course Step by Step/093 - Error Handling in async function ｜ Error Handling in Express.mp4
[26/01/25 18:54:07] "094 - Handling Not Found Errors ｜ Error Handling in Express.mp4" | /mnt/Disk_D/تعليمي/A Complete NODE JS Course Step by Step/094 - Handling Not Found Errors ｜ Error Handling in Express.mp4
[26/01/25 20:01:34] "2025-01-26 16-22-29.mp4" | /home/muhammad/Downloads/2025-01-26 16-22-29.mp4
[26/01/25 21:13:55] "095 - Development & Production Error ｜ Error Handling in Express.mp4" | /mnt/Disk_D/تعليمي/A Complete NODE JS Course Step by Step/095 - Development & Production Error ｜ Error Handling in Express.mp4
[26/01/25 23:32:13] "096 - Handling Invalid ID Error ｜ Error Handling in Express.mp4" | /mnt/Disk_D/تعليمي/A Complete NODE JS Course Step by Step/096 - Handling Invalid ID Error ｜ Error Handling in Express.mp4
[27/01/25 04:47:30] "express.mp4" | /home/muhammad/Downloads/express.mp4
[27/01/25 05:04:56] "2025-01-27 05-04-10.mp4" | /home/muhammad/2025-01-27 05-04-10.mp4
[27/01/25 05:41:55] "097 - Handling Duplicate Key Error ｜ Error Handling in Express.mp4" | /mnt/Disk_D/تعليمي/A Complete NODE JS Course Step by Step/097 - Handling Duplicate Key Error ｜ Error Handling in Express.mp4
[27/01/25 06:35:36] "express.mp4" | /mnt/Disk_D/Projects & Designs/express.mp4
[27/01/25 11:45:22] "098 - Handling Mongoose Validation Errors ｜ Error Handling in Express.mp4" | /mnt/Disk_D/تعليمي/A Complete NODE JS Course Step by Step/098 - Handling Mongoose Validation Errors ｜ Error Handling in Express.mp4
[27/01/25 11:56:09] "099 - Handling Rejected Promises Globally ｜ Error Handling in Express.mp4" | /mnt/Disk_D/تعليمي/A Complete NODE JS Course Step by Step/099 - Handling Rejected Promises Globally ｜ Error Handling in Express.mp4
[27/01/25 12:19:00] "122 - Preventing Parameter Pollution ｜ Authentication & Authorization.mp4" | /mnt/Disk_D/تعليمي/A Complete NODE JS Course Step by Step/122 - Preventing Parameter Pollution ｜ Authentication & Authorization.mp4
[27/01/25 12:30:33] "100 - Handling Uncaught Exceptions ｜ Error Handling in Express.mp4" | /mnt/Disk_D/تعليمي/A Complete NODE JS Course Step by Step/100 - Handling Uncaught Exceptions ｜ Error Handling in Express.mp4
[27/01/25 14:22:42] "101 - Debugging NODE JS Code ｜ Error Handling in Express.mp4" | /mnt/Disk_D/تعليمي/A Complete NODE JS Course Step by Step/101 - Debugging NODE JS Code ｜ Error Handling in Express.mp4
[27/01/25 17:02:13] "2025-01-27 16-56-53.mp4" | /home/muhammad/2025-01-27 16-56-53.mp4
[27/01/25 23:09:18] "2025-01-27 18-35-42.mp4" | /home/muhammad/2025-01-27 18-35-42.mp4
[28/01/25 00:39:22] "35 ｜ التعليم الحر 02.m4a" | /mnt/Disk_D/إسلاميات/د.عبد الرحمن ذاكر/الف باء التربية/35 ｜ التعليم الحر 02.m4a
[28/01/25 13:41:57] "2025-01-28 07-52-13.mp4" | /home/muhammad/2025-01-28 07-52-13.mp4
[28/01/25 18:12:01] "2025-01-28 15-20-35.mp4" | /home/muhammad/2025-01-28 15-20-35.mp4
[30/01/25 23:18:25] "073 - Importing development data ｜ Using MongoDB with Express.mp4" | /mnt/Disk_D/تعليمي/A Complete NODE JS Course Step by Step/073 - Importing development data ｜ Using MongoDB with Express.mp4
[04/02/25 21:36:51] "034 - API： Handling GET Request ｜ Working with Express JS.mp4" | /mnt/Disk_D/تعليمي/A Complete NODE JS Course Step by Step/034 - API： Handling GET Request ｜ Working with Express JS.mp4
[04/02/25 21:43:17] "035 - API： Handling POST Request ｜ Working with Express JS.mp4" | /mnt/Disk_D/تعليمي/A Complete NODE JS Course Step by Step/035 - API： Handling POST Request ｜ Working with Express JS.mp4
[04/02/25 22:03:07] "036 - API： Handling Route Parameters ｜ Working with Express JS.mp4" | /mnt/Disk_D/تعليمي/A Complete NODE JS Course Step by Step/036 - API： Handling Route Parameters ｜ Working with Express JS.mp4
[06/02/25 16:29:56] "output_video.mp4" | /home/muhammad/Downloads/output_video.mp4
[06/02/25 22:30:59] "037 - API： Handling PATCH Request ｜ Working with Express JS.mp4" | /mnt/Disk_D/تعليمي/A Complete NODE JS Course Step by Step/037 - API： Handling PATCH Request ｜ Working with Express JS.mp4
[06/02/25 22:37:13] "038 - API： Handling DELETE Request  ｜ Working with Express JS.mp4" | /mnt/Disk_D/تعليمي/A Complete NODE JS Course Step by Step/038 - API： Handling DELETE Request  ｜ Working with Express JS.mp4
[06/02/25 22:40:18] "042 - Mounting Routes in Express ｜ Working with Express JS.mp4" | /mnt/Disk_D/تعليمي/A Complete NODE JS Course Step by Step/042 - Mounting Routes in Express ｜ Working with Express JS.mp4
[06/02/25 22:49:21] "043 - Creating & using Routes module ｜ Working with Express JS.mp4" | /mnt/Disk_D/تعليمي/A Complete NODE JS Course Step by Step/043 - Creating & using Routes module ｜ Working with Express JS.mp4
[06/02/25 22:58:16] "044 - Understanding param middleware ｜ Working with Express JS.mp4" | /mnt/Disk_D/تعليمي/A Complete NODE JS Course Step by Step/044 - Understanding param middleware ｜ Working with Express JS.mp4
[06/02/25 23:06:06] "045 - Chaining multiple middleware ｜ Working with Express JS.mp4" | /mnt/Disk_D/تعليمي/A Complete NODE JS Course Step by Step/045 - Chaining multiple middleware ｜ Working with Express JS.mp4
[07/02/25 20:00:21] "Lecture 1.m4a" | /mnt/Disk_D/Engineering/Semester_materials/Robotics/Lecture 1.m4a
[08/02/25 00:15:11] "Biological Effects of Electromagnetic Radiation Part 1.mp3" | /mnt/Disk_D/Engineering/Semester_materials/Bio/Dr.Ahmed/Records/Biological Effects of Electromagnetic Radiation Part 1.mp3
[08/02/25 00:16:49] "Lecture 01 & 02.mp4" | /mnt/Disk_D/Engineering/Semester_materials/Bio/Dr.Abd-Elrahem/Lectures/Videos/Lecture 01 & 02.mp4
[11/02/25 15:02:05] "WhatsApp Ptt 2025-02-11 at 3.00.00 PM.ogg" | /home/muhammad/Downloads/WhatSie/WhatsApp Ptt 2025-02-11 at 3.00.00 PM.ogg
[11/02/25 18:46:54] "070 - Update document from Express ｜ Using MongoDB with Express.mp4" | /mnt/Disk_D/تعليمي/A Complete NODE JS Course Step by Step/070 - Update document from Express ｜ Using MongoDB with Express.mp4
[12/02/25 17:06:01] "074 - Filtering ｜ Using MongoDB with Express.mp4" | /mnt/Disk_D/تعليمي/A Complete NODE JS Course Step by Step/074 - Filtering ｜ Using MongoDB with Express.mp4
[14/02/25 15:12:47] "02 - Intro and Background Lecture 2.mp4" | /mnt/Disk_D/Engineering/Semester_materials/Optimization/Lectures/Dr Mohamed Karmoose/Videos/02 - Intro and Background Lecture 2.mp4
[14/02/25 15:17:48] "01 - Part 1 Lecture 1 ： Sampling Theorem.mp4" | /home/muhammad/Downloads/01 - Part 1 Lecture 1 ： Sampling Theorem.mp4
[14/02/25 17:25:07] "01 - Part 1 Lecture 1 ： Sampling Theorem.mp4" | /mnt/Disk_D/Engineering/Semester_materials/Digital/Elkhamy/Videos/01 - Part 1 Lecture 1 ： Sampling Theorem.mp4
[15/02/25 00:32:44] "076 - Advance filtering ｜ Using MongoDB with Express.mp4" | /mnt/Disk_D/تعليمي/A Complete NODE JS Course Step by Step/076 - Advance filtering ｜ Using MongoDB with Express.mp4
[15/02/25 00:40:27] "075 - Excluding query object properties ｜ Using MongoDB with Express.mp4" | /mnt/Disk_D/تعليمي/A Complete NODE JS Course Step by Step/075 - Excluding query object properties ｜ Using MongoDB with Express.mp4
[15/02/25 06:23:55] "077 - Sorting result ｜ Using MongoDB with Express.mp4" | /mnt/Disk_D/تعليمي/A Complete NODE JS Course Step by Step/077 - Sorting result ｜ Using MongoDB with Express.mp4
[15/02/25 06:35:36] "078 - Limiting fields ｜ Using MongoDB with Express.mp4" | /mnt/Disk_D/تعليمي/A Complete NODE JS Course Step by Step/078 - Limiting fields ｜ Using MongoDB with Express.mp4
[15/02/25 06:54:03] "079 - Pagination ｜ Using MongoDB with Express.mp4" | /mnt/Disk_D/تعليمي/A Complete NODE JS Course Step by Step/079 - Pagination ｜ Using MongoDB with Express.mp4
[15/02/25 13:44:30] "01 - Part 1 Lecture 1 ： Sampling Theorem.mp4" | /mnt/Disk_D/Engineering/Semester_materials/Digital/Elkhamy/AlAlwani/Videos/01 - Part 1 Lecture 1 ： Sampling Theorem.mp4
[15/02/25 16:59:43] "01 - Intro and Background Lecture 1.mp4" | /mnt/Disk_D/Engineering/Semester_materials/Optimization/Lectures/Dr Mohamed Karmoose/Videos/01 - Intro and Background Lecture 1.mp4
[16/02/25 13:33:02] "080 - Aliasing a route ｜ Using MongoDB with Express.mp4" | /mnt/Disk_D/تعليمي/A Complete NODE JS Course Step by Step/080 - Aliasing a route ｜ Using MongoDB with Express.mp4
[16/02/25 13:37:47] "081 - Creating a reusable class ｜ Using MongoDB with Express.mp4" | /mnt/Disk_D/تعليمي/A Complete NODE JS Course Step by Step/081 - Creating a reusable class ｜ Using MongoDB with Express.mp4
[16/02/25 13:38:06] "082 - Aggregation pipeline： $match & $group ｜ Using MongoDB with Express.mp4" | /mnt/Disk_D/تعليمي/A Complete NODE JS Course Step by Step/082 - Aggregation pipeline： $match & $group ｜ Using MongoDB with Express.mp4
[16/02/25 16:40:17] "02 - 2 Lab1 Part 2  Error Detect VI.mp4" | /mnt/Disk_D/Engineering/Semester_materials/Digital/Lab/Videos/02 - 2 Lab1 Part 2  Error Detect VI.mp4
[16/02/25 16:40:22] "03 - 3 Lab 1 Simulation 03.mp4" | /mnt/Disk_D/Engineering/Semester_materials/Digital/Lab/Videos/03 - 3 Lab 1 Simulation 03.mp4
[16/02/25 16:40:27] "04 - 4 Lab 2 Part 1 Building the transmitter VI.mp4" | /mnt/Disk_D/Engineering/Semester_materials/Digital/Lab/Videos/04 - 4 Lab 2 Part 1 Building the transmitter VI.mp4
[16/02/25 16:40:30] "05 - 5 Lab 2 Part 2 Building the Receiver VI.mp4" | /mnt/Disk_D/Engineering/Semester_materials/Digital/Lab/Videos/05 - 5 Lab 2 Part 2 Building the Receiver VI.mp4
[16/02/25 16:50:04] "02 - 2 Lab1 Part 2  Error Detect VI.mp4" | /mnt/Disk_D/Engineering/Semester_materials/Digital/Lab/Videos/converted/02 - 2 Lab1 Part 2  Error Detect VI.mp4
[16/02/25 23:04:15] "01 - 1 Lab1 Part 1  The source VI.mp4" | /mnt/Disk_D/Engineering/Semester_materials/Digital/Lab/Videos/01 - 1 Lab1 Part 1  The source VI.mp4
[17/02/25 06:14:54] "102 - Creating a User Model ｜ Authentication & Authorization.mp4" | /mnt/Disk_D/تعليمي/A Complete NODE JS Course Step by Step/102 - Creating a User Model ｜ Authentication & Authorization.mp4
[17/02/25 06:24:33] "103 - Creating a new User ｜ Authentication & Authorization.mp4" | /mnt/Disk_D/تعليمي/A Complete NODE JS Course Step by Step/103 - Creating a new User ｜ Authentication & Authorization.mp4
[17/02/25 10:32:31] "104 - Encrypting Password ｜ Authentication & Authorization.mp4" | /mnt/Disk_D/تعليمي/A Complete NODE JS Course Step by Step/104 - Encrypting Password ｜ Authentication & Authorization.mp4
[17/02/25 10:57:30] "105 - How Authentication Works with JWT ｜ Authentication & Authorization.mp4" | /mnt/Disk_D/تعليمي/A Complete NODE JS Course Step by Step/105 - How Authentication Works with JWT ｜ Authentication & Authorization.mp4
[17/02/25 10:59:33] "03 - Part 1 Lecture 3a ： Non Uniform Quantization & M'ary Encoding.mp4" | /mnt/Disk_D/Engineering/Semester_materials/Digital/Elkhamy/AlAlwani/Videos/03 - Part 1 Lecture 3a ： Non Uniform Quantization & M'ary Encoding.mp4
[17/02/25 10:59:56] "04 - Part 1 Lecture 3b ： Differential PCM (DPCM) & Delta Modulation (DM).mp4" | /mnt/Disk_D/Engineering/Semester_materials/Digital/Elkhamy/AlAlwani/Videos/04 - Part 1 Lecture 3b ： Differential PCM (DPCM) & Delta Modulation (DM).mp4
[17/02/25 11:00:04] "05 - Part 1 Lecture 4a ： PSD for basic PCM waveforms.mp4" | /mnt/Disk_D/Engineering/Semester_materials/Digital/Elkhamy/AlAlwani/Videos/05 - Part 1 Lecture 4a ： PSD for basic PCM waveforms.mp4
[17/02/25 11:00:25] "07 - Part 1 Lecture 5 ： Time Division Multiplexing (TDM).mp4" | /mnt/Disk_D/Engineering/Semester_materials/Digital/Elkhamy/AlAlwani/Videos/07 - Part 1 Lecture 5 ： Time Division Multiplexing (TDM).mp4
[17/02/25 11:00:39] "06 - Bandwidth and Bitrate.mp4" | /mnt/Disk_D/Engineering/Semester_materials/Digital/Elkhamy/AlAlwani/Videos/06 - Bandwidth and Bitrate.mp4
[17/02/25 21:58:05] "106 - Signing up a User ｜ Authentication & Authorization.mp4" | /mnt/Disk_D/تعليمي/A Complete NODE JS Course Step by Step/106 - Signing up a User ｜ Authentication & Authorization.mp4
[17/02/25 22:26:20] "107 - Logging in a User ｜ Authentication & Authorization.mp4" | /mnt/Disk_D/تعليمي/A Complete NODE JS Course Step by Step/107 - Logging in a User ｜ Authentication & Authorization.mp4
[17/02/25 23:42:51] "108 - Protecting Routes： PART 1 ｜ Authentication & Authorization.mp4" | /mnt/Disk_D/تعليمي/A Complete NODE JS Course Step by Step/108 - Protecting Routes： PART 1 ｜ Authentication & Authorization.mp4
[21/02/25 07:08:53] "109 - Protecting Routes： PART 2 ｜ Authentication & Authorization.mp4" | /mnt/Disk_D/تعليمي/A Complete NODE JS Course Step by Step/109 - Protecting Routes： PART 2 ｜ Authentication & Authorization.mp4
[21/02/25 14:29:18] "110 - Advanced Postman Setup ｜ Authentication & Authorization.mp4" | /mnt/Disk_D/تعليمي/A Complete NODE JS Course Step by Step/110 - Advanced Postman Setup ｜ Authentication & Authorization.mp4
[21/02/25 16:39:38] "111 - User Roles and Permission ｜ Authentication & Authorization.mp4" | /mnt/Disk_D/تعليمي/A Complete NODE JS Course Step by Step/111 - User Roles and Permission ｜ Authentication & Authorization.mp4
[21/02/25 18:54:41] "TORRENT ｜ شرح شامل لنظام التحميل تورنت ولماذا يعتبر افضل طرق التحميل ؟.mp4" | /home/muhammad/Downloads/TORRENT ｜ شرح شامل لنظام التحميل تورنت ولماذا يعتبر افضل طرق التحميل ؟.mp4
[22/02/25 15:08:03] "112 - Password Reset Functionality ｜ Authentication & Authorization.mp4" | /mnt/Disk_D/تعليمي/A Complete NODE JS Course Step by Step/112 - Password Reset Functionality ｜ Authentication & Authorization.mp4
[22/02/25 17:02:51] "113 - Sending Email for Password Reset ｜ Authentication & Authorization.mp4" | /mnt/Disk_D/تعليمي/A Complete NODE JS Course Step by Step/113 - Sending Email for Password Reset ｜ Authentication & Authorization.mp4
[23/02/25 00:44:01] "She Left Islam For This... (WARNING!)" | https://www.youtube.com/watch?v=DXo3BAPAk9U
[23/02/25 06:37:54] "114 - Setting new Password for User ｜ Authentication & Authorization.mp4" | /mnt/Disk_D/تعليمي/A Complete NODE JS Course Step by Step/114 - Setting new Password for User ｜ Authentication & Authorization.mp4
[23/02/25 14:12:33] "115 - Updating the User Password ｜ Authentication & Authorization.mp4" | /mnt/Disk_D/تعليمي/A Complete NODE JS Course Step by Step/115 - Updating the User Password ｜ Authentication & Authorization.mp4
[23/02/25 16:55:15] "02 - Part 1 Lecture 2 ： Uniform Quantization & Coding.mp4" | /mnt/Disk_D/Engineering/Semester_materials/Digital/Elkhamy/AlAlwani/Videos/02 - Part 1 Lecture 2 ： Uniform Quantization & Coding.mp4
